============================= test session starts =============================
platform win32 -- Python 3.13.14, pytest-9.0.3, pluggy-1.6.0
rootdir: /workspace/iot-service
configfile: pyproject.toml
plugins: anyio-4.13.0, asyncio-1.3.0, cov-7.1.0
asyncio: mode=Mode.STRICT, debug=False, asyncio_default_fixture_loop_scope=None, asyncio_default_test_loop_scope=function
collected 20 items

tests\test_api_gateway.py ..                                             [ 10%]
tests\test_hubeau_qualite_client.py ......                               [ 40%]
tests\test_non_functionnel.py ...                                        [ 55%]
tests\test_station_mapping.py .........                                  [100%]

=============================== tests coverage ================================
______________ coverage: platform win32, python 3.13.14-final-0 _______________

Name                                        Stmts   Miss  Cover   Missing
-------------------------------------------------------------------------
src\iot_service\config.py                      21      0   100%
src\iot_service\hubeau_qualite_client.py      100     11    89%   139-145, 175, 211-217, 239-240, 254-261
src\iot_service\kafka_producer.py              76     52    32%   37-41, 46, 51, 55-65, 69-71, 83-118, 123-131, 136-138, 143-148
src\iot_service\main.py                        64     23    64%   23, 29-61, 149
src\iot_service\quality_poller.py              80     48    40%   55-60, 63, 67, 71, 75, 80, 84-104, 108-109, 113-148, 159-163
src\iot_service\simulator\__init__.py           0      0   100%
src\iot_service\simulator\generator.py         79     50    37%   50-57, 62-132, 158-179
src\iot_service\simulator\orchestrator.py      76     46    39%   31, 48-57, 61-67, 76-77, 81, 85, 89, 92, 95-128, 131-150
src\iot_service\simulator\sensors.py           22      4    82%   193-196
src\iot_service\station_mapping.py             19      1    95%   97
-------------------------------------------------------------------------
TOTAL                                         537    235    56%
Required test coverage of 50% reached. Total coverage: 56.24%
============================= 20 passed in 1.13s ==============================
